<?xml version="1.0" encoding="UTF-8"?>
<!-- Generated by org.testng.reporters.JUnitXMLReporter -->
<testsuite hostname="Hitesh-Mac-Mini.local" ignored="0" name="Default test" tests="4" failures="0" timestamp="13 Dec 2016 12:34:01 GMT" time="5.083" errors="0">
  <testcase name="test1" time="5.025" classname="testing.Test1"/>
  <testcase name="test2" time="0.002" classname="testing.Test1"/>
  <testcase name="test3" time="0.002" classname="testing.Test1"/>
  <testcase name="test4" time="0.002" classname="testing.Test1"/>
</testsuite> <!-- Default test -->
