<?xml version="1.0" encoding="UTF-8"?>
<!-- Generated by org.testng.reporters.JUnitXMLReporter -->
<testsuite hostname="Hitesh-Mac-Mini.local" ignored="0" name="perform suite running" tests="12" failures="0" timestamp="13 Dec 2016 12:55:59 GMT" time="10.12" errors="0">
  <testcase name="test1" time="5.018" classname="testing.Test1"/>
  <testcase name="test1" time="0.003" classname="testing.Test2"/>
  <testcase name="test1" time="5.005" classname="testing.Test3"/>
  <testcase name="test2" time="0.002" classname="testing.Test1"/>
  <testcase name="test2" time="0.002" classname="testing.Test2"/>
  <testcase name="test2" time="0.002" classname="testing.Test3"/>
  <testcase name="test3" time="0.002" classname="testing.Test1"/>
  <testcase name="test3" time="0.001" classname="testing.Test2"/>
  <testcase name="test3" time="0.002" classname="testing.Test3"/>
  <testcase name="test4" time="0.001" classname="testing.Test1"/>
  <testcase name="test4" time="0.001" classname="testing.Test2"/>
  <testcase name="test4" time="0.002" classname="testing.Test3"/>
</testsuite> <!-- perform suite running -->
