<?xml version="1.0" encoding="UTF-8"?>
<testng-results skipped="0" failed="0" ignored="0" total="12" passed="12">
  <reporter-output>
  </reporter-output>
  <suite name="Suite testing" duration-ms="10120" started-at="2016-12-13T12:55:49Z" finished-at="2016-12-13T12:55:59Z">
    <groups>
    </groups>
    <test name="perform suite running" duration-ms="10120" started-at="2016-12-13T12:55:49Z" finished-at="2016-12-13T12:55:59Z">
      <class name="testing.Test3">
        <test-method status="PASS" signature="test1()[pri:1, instance:testing.Test3@10bdf5e5]" name="test1" duration-ms="5005" started-at="2016-12-13T18:25:54Z" finished-at="2016-12-13T18:25:59Z">
          <reporter-output>
          </reporter-output>
        </test-method> <!-- test1 -->
        <test-method status="PASS" signature="aftertest()[pri:0, instance:testing.Test3@10bdf5e5]" name="aftertest" is-config="true" duration-ms="1" started-at="2016-12-13T18:25:59Z" finished-at="2016-12-13T18:25:59Z">
          <reporter-output>
          </reporter-output>
        </test-method> <!-- aftertest -->
        <test-method status="PASS" signature="test2()[pri:11, instance:testing.Test3@10bdf5e5]" name="test2" duration-ms="2" started-at="2016-12-13T18:25:59Z" finished-at="2016-12-13T18:25:59Z">
          <reporter-output>
          </reporter-output>
        </test-method> <!-- test2 -->
        <test-method status="PASS" signature="aftertest()[pri:0, instance:testing.Test3@10bdf5e5]" name="aftertest" is-config="true" duration-ms="0" started-at="2016-12-13T18:25:59Z" finished-at="2016-12-13T18:25:59Z">
          <reporter-output>
          </reporter-output>
        </test-method> <!-- aftertest -->
        <test-method status="PASS" signature="test3()[pri:111, instance:testing.Test3@10bdf5e5]" name="test3" duration-ms="2" started-at="2016-12-13T18:25:59Z" finished-at="2016-12-13T18:25:59Z">
          <reporter-output>
          </reporter-output>
        </test-method> <!-- test3 -->
        <test-method status="PASS" signature="aftertest()[pri:0, instance:testing.Test3@10bdf5e5]" name="aftertest" is-config="true" duration-ms="0" started-at="2016-12-13T18:25:59Z" finished-at="2016-12-13T18:25:59Z">
          <reporter-output>
          </reporter-output>
        </test-method> <!-- aftertest -->
        <test-method status="PASS" signature="test4()[pri:1111, instance:testing.Test3@10bdf5e5]" name="test4" duration-ms="2" started-at="2016-12-13T18:25:59Z" finished-at="2016-12-13T18:25:59Z">
          <reporter-output>
          </reporter-output>
        </test-method> <!-- test4 -->
        <test-method status="PASS" signature="aftertest()[pri:0, instance:testing.Test3@10bdf5e5]" name="aftertest" is-config="true" duration-ms="1" started-at="2016-12-13T18:25:59Z" finished-at="2016-12-13T18:25:59Z">
          <reporter-output>
          </reporter-output>
        </test-method> <!-- aftertest -->
        <test-method status="PASS" signature="afterclass()[pri:0, instance:testing.Test3@10bdf5e5]" name="afterclass" is-config="true" duration-ms="0" started-at="2016-12-13T18:25:59Z" finished-at="2016-12-13T18:25:59Z">
          <reporter-output>
          </reporter-output>
        </test-method> <!-- afterclass -->
      </class> <!-- testing.Test3 -->
      <class name="testing.Test2">
        <test-method status="PASS" signature="test1()[pri:1, instance:testing.Test2@dc24521]" name="test1" duration-ms="3" started-at="2016-12-13T18:25:54Z" finished-at="2016-12-13T18:25:54Z">
          <reporter-output>
          </reporter-output>
        </test-method> <!-- test1 -->
        <test-method status="PASS" signature="aftertest()[pri:0, instance:testing.Test2@dc24521]" name="aftertest" is-config="true" duration-ms="0" started-at="2016-12-13T18:25:54Z" finished-at="2016-12-13T18:25:54Z">
          <reporter-output>
          </reporter-output>
        </test-method> <!-- aftertest -->
        <test-method status="PASS" signature="test2()[pri:11, instance:testing.Test2@dc24521]" name="test2" duration-ms="2" started-at="2016-12-13T18:25:59Z" finished-at="2016-12-13T18:25:59Z">
          <reporter-output>
          </reporter-output>
        </test-method> <!-- test2 -->
        <test-method status="PASS" signature="aftertest()[pri:0, instance:testing.Test2@dc24521]" name="aftertest" is-config="true" duration-ms="1" started-at="2016-12-13T18:25:59Z" finished-at="2016-12-13T18:25:59Z">
          <reporter-output>
          </reporter-output>
        </test-method> <!-- aftertest -->
        <test-method status="PASS" signature="test3()[pri:111, instance:testing.Test2@dc24521]" name="test3" duration-ms="1" started-at="2016-12-13T18:25:59Z" finished-at="2016-12-13T18:25:59Z">
          <reporter-output>
          </reporter-output>
        </test-method> <!-- test3 -->
        <test-method status="PASS" signature="aftertest()[pri:0, instance:testing.Test2@dc24521]" name="aftertest" is-config="true" duration-ms="1" started-at="2016-12-13T18:25:59Z" finished-at="2016-12-13T18:25:59Z">
          <reporter-output>
          </reporter-output>
        </test-method> <!-- aftertest -->
        <test-method status="PASS" signature="test4()[pri:1111, instance:testing.Test2@dc24521]" name="test4" duration-ms="1" started-at="2016-12-13T18:25:59Z" finished-at="2016-12-13T18:25:59Z">
          <reporter-output>
          </reporter-output>
        </test-method> <!-- test4 -->
        <test-method status="PASS" signature="aftertest()[pri:0, instance:testing.Test2@dc24521]" name="aftertest" is-config="true" duration-ms="0" started-at="2016-12-13T18:25:59Z" finished-at="2016-12-13T18:25:59Z">
          <reporter-output>
          </reporter-output>
        </test-method> <!-- aftertest -->
        <test-method status="PASS" signature="afterclass()[pri:0, instance:testing.Test2@dc24521]" name="afterclass" is-config="true" duration-ms="1" started-at="2016-12-13T18:25:59Z" finished-at="2016-12-13T18:25:59Z">
          <reporter-output>
          </reporter-output>
        </test-method> <!-- afterclass -->
      </class> <!-- testing.Test2 -->
      <class name="testing.Test1">
        <test-method status="PASS" signature="test1()[pri:1, instance:testing.Test1@148080bb]" name="test1" duration-ms="5018" started-at="2016-12-13T18:25:49Z" finished-at="2016-12-13T18:25:54Z">
          <reporter-output>
          </reporter-output>
        </test-method> <!-- test1 -->
        <test-method status="PASS" signature="aftertest()[pri:0, instance:testing.Test1@148080bb]" name="aftertest" is-config="true" duration-ms="1" started-at="2016-12-13T18:25:54Z" finished-at="2016-12-13T18:25:54Z">
          <reporter-output>
          </reporter-output>
        </test-method> <!-- aftertest -->
        <test-method status="PASS" signature="test2()[pri:11, instance:testing.Test1@148080bb]" name="test2" duration-ms="2" started-at="2016-12-13T18:25:59Z" finished-at="2016-12-13T18:25:59Z">
          <reporter-output>
          </reporter-output>
        </test-method> <!-- test2 -->
        <test-method status="PASS" signature="aftertest()[pri:0, instance:testing.Test1@148080bb]" name="aftertest" is-config="true" duration-ms="1" started-at="2016-12-13T18:25:59Z" finished-at="2016-12-13T18:25:59Z">
          <reporter-output>
          </reporter-output>
        </test-method> <!-- aftertest -->
        <test-method status="PASS" signature="test3()[pri:111, instance:testing.Test1@148080bb]" name="test3" duration-ms="2" started-at="2016-12-13T18:25:59Z" finished-at="2016-12-13T18:25:59Z">
          <reporter-output>
          </reporter-output>
        </test-method> <!-- test3 -->
        <test-method status="PASS" signature="aftertest()[pri:0, instance:testing.Test1@148080bb]" name="aftertest" is-config="true" duration-ms="2" started-at="2016-12-13T18:25:59Z" finished-at="2016-12-13T18:25:59Z">
          <reporter-output>
          </reporter-output>
        </test-method> <!-- aftertest -->
        <test-method status="PASS" signature="test4()[pri:1111, instance:testing.Test1@148080bb]" name="test4" duration-ms="1" started-at="2016-12-13T18:25:59Z" finished-at="2016-12-13T18:25:59Z">
          <reporter-output>
          </reporter-output>
        </test-method> <!-- test4 -->
        <test-method status="PASS" signature="aftertest()[pri:0, instance:testing.Test1@148080bb]" name="aftertest" is-config="true" duration-ms="1" started-at="2016-12-13T18:25:59Z" finished-at="2016-12-13T18:25:59Z">
          <reporter-output>
          </reporter-output>
        </test-method> <!-- aftertest -->
        <test-method status="PASS" signature="afterclass()[pri:0, instance:testing.Test1@148080bb]" name="afterclass" is-config="true" duration-ms="0" started-at="2016-12-13T18:25:59Z" finished-at="2016-12-13T18:25:59Z">
          <reporter-output>
          </reporter-output>
        </test-method> <!-- afterclass -->
      </class> <!-- testing.Test1 -->
    </test> <!-- perform suite running -->
  </suite> <!-- Suite testing -->
</testng-results>
